<?xml version="1.0" encoding="UTF-8"?>
<testng-results ignored="0" total="0" passed="0" failed="0" skipped="0">
  <reporter-output>
  </reporter-output>
  <suite started-at="2022-06-03T10:38:39Z" name="Default suite" finished-at="2022-06-03T10:38:42Z" duration-ms="2214">
    <groups>
      <group name="cucumber">
        <method signature="AbstractTestNGCucumberTests.runScenario(io.cucumber.testng.PickleWrapper, io.cucumber.testng.FeatureWrapper)[pri:0, instance:testrunner.divoctestrunners@740fb309]" name="runScenario" class="io.cucumber.testng.AbstractTestNGCucumberTests"/>
      </group> <!-- cucumber -->
    </groups>
    <test started-at="2022-06-03T10:38:39Z" name="Default test" finished-at="2022-06-03T10:38:42Z" duration-ms="2214">
      <class name="testrunner.divoctestrunners">
        <test-method is-config="true" signature="setUpClass()[pri:0, instance:testrunner.divoctestrunners@740fb309]" started-at="2022-06-03T10:38:39Z" name="setUpClass" finished-at="2022-06-03T10:38:40Z" duration-ms="280" status="PASS">
          <reporter-output>
          </reporter-output>
        </test-method> <!-- setUpClass -->
        <test-method is-config="true" signature="tearDownClass()[pri:0, instance:testrunner.divoctestrunners@740fb309]" started-at="2022-06-03T10:38:40Z" name="tearDownClass" finished-at="2022-06-03T10:38:42Z" duration-ms="1922" status="PASS">
          <reporter-output>
          </reporter-output>
        </test-method> <!-- tearDownClass -->
      </class> <!-- testrunner.divoctestrunners -->
    </test> <!-- Default test -->
  </suite> <!-- Default suite -->
</testng-results>
